----------------------------------------------------------------
<<<<<<< HEAD
Mon Apr 28 08:59:19 EDT 2025:
Booting Derby version The Apache Software Foundation - Apache Derby - 10.10.2.0 - (1582446): instance a816c00e-0196-7c7a-fda3-000007967d70 
on database directory /Users/krimx/git/CS320GroupProject_TBAG/test.db with class loader jdk.internal.loader.ClassLoaders$AppClassLoader@18ff02e4 
=======
<<<<<<< HEAD
Sun Apr 27 20:01:40 EDT 2025:
Booting Derby version The Apache Software Foundation - Apache Derby - 10.10.2.0 - (1582446): instance a816c00e-0196-79b3-1125-0000064dfbd0 
on database directory /Users/krimx/git/CS320GroupProject_TBAG/test.db with class loader sun.misc.Launcher$AppClassLoader@d716361 
>>>>>>> refs/heads/Logan_WorkBranch
Loaded from file:/Users/krimx/Documents/EclipseWorkspace/CS320_Derby/lib/derby.jar
java.vendor=Eclipse Adoptium
java.runtime.version=23.0.2+7
user.dir=/Users/krimx/git/CS320GroupProject_TBAG
os.name=Mac OS X
os.arch=aarch64
os.version=15.4
=======
Sun Apr 27 21:39:53 EDT 2025:
Booting Derby version The Apache Software Foundation - Apache Derby - 10.10.2.0 - (1582446): instance a816c00e-0196-7a09-9483-00000f2356a8 
on database directory C:\Users\logan\Desktop\ProgrammingProjects\College\CS320\EclipseProjects\CS320GroupProject_TBAG\test.db with class loader jdk.internal.loader.ClassLoaders$AppClassLoader@5c647e05 
Loaded from file:/C:/Users/logan/Desktop/ProgrammingProjects/College/CS320/EclipseProjects/CS320_Derby/lib/derby.jar
java.vendor=Oracle Corporation
java.runtime.version=21.0.2+13-LTS-58
user.dir=C:\Users\logan\Desktop\ProgrammingProjects\College\CS320\EclipseProjects\CS320GroupProject_TBAG
os.name=Windows 11
os.arch=amd64
os.version=10.0
>>>>>>> refs/heads/dev-branch
derby.system.home=null
Database Class Loader started - derby.database.classpath=''
